<?xml version="1.0" encoding="UTF-8"?>
<!-- Generated by org.testng.reporters.JUnitXMLReporter -->
<testsuite ignored="0" hostname="DESKTOP-SHNC452" failures="0" tests="1" name="Test" time="5.775" errors="0" timestamp="2024-12-18T16:48:38 IST">
  <testcase classname="module1_Login.SwagLabLoginTest" name="@BeforeClass OpenBrowwser" time="5.641">
    <failure type="java.io.FileNotFoundException" message="C:\Users\Hp\git\SauceLab\SauceLab\PropertyFile.properties (The system cannot find the path specified)">
      <![CDATA[java.io.FileNotFoundException: C:\Users\Hp\git\SauceLab\SauceLab\PropertyFile.properties (The system cannot find the path specified)
at java.base/java.io.FileInputStream.open0(Native Method)
at java.base/java.io.FileInputStream.open(FileInputStream.java:213)
at java.base/java.io.FileInputStream.<init>(FileInputStream.java:152)
at java.base/java.io.FileInputStream.<init>(FileInputStream.java:106)
at LibrarryClass.Utility.getPFdata(Utility.java:39)
at LibrarryClass.TestBase.openBrowser(TestBase.java:39)
at module1_Login.SwagLabLoginTest.OpenBrowwser(SwagLabLoginTest.java:37)
at java.base/java.util.ArrayList.forEach(ArrayList.java:1597)
... Removed 27 stack frames]]>
    </failure>
  </testcase> <!-- @BeforeClass OpenBrowwser -->
  <testcase classname="module1_Login.SwagLabLoginTest" name="@BeforeMethod login" time="0.0">
    <skipped/>
  </testcase> <!-- @BeforeMethod login -->
  <testcase classname="module1_Login.SwagLabLoginTest" name="@AfterMethod logout" time="0.0">
    <skipped/>
  </testcase> <!-- @AfterMethod logout -->
  <testcase classname="module1_Login.SwagLabLoginTest" name="@AfterClass closeBrowser" time="0.0">
    <skipped/>
  </testcase> <!-- @AfterClass closeBrowser -->
  <testcase classname="module1_Login.SwagLabLoginTest" name="homepage" time="0.0">
    <skipped/>
  </testcase> <!-- homepage -->
</testsuite> <!-- Test -->
