<?xml version="1.0" encoding="UTF-8"?>
<testng-results ignored="0" total="2" passed="2" failed="0" skipped="0">
  <reporter-output>
  </reporter-output>
  <suite started-at="2024-12-18T14:37:36 IST" name="Suite" finished-at="2024-12-18T14:37:57 IST" duration-ms="20535">
    <groups>
    </groups>
    <test started-at="2024-12-18T14:37:36 IST" name="Test" finished-at="2024-12-18T14:37:57 IST" duration-ms="20535">
      <class name="module1_Login.SwagLabLoginTest">
        <test-method is-config="true" signature="OpenBrowwser(java.lang.String)[pri:0, instance:module1_Login.SwagLabLoginTest@48075da3]" started-at="2024-12-18T14:37:36 IST" name="OpenBrowwser" finished-at="2024-12-18T14:37:45 IST" duration-ms="8470" status="PASS">
          <params>
            <param index="0">
              <value>
                <![CDATA[chrome]]>
              </value>
            </param>
          </params>
          <reporter-output>
          </reporter-output>
        </test-method> <!-- OpenBrowwser -->
        <test-method is-config="true" signature="login()[pri:0, instance:module1_Login.SwagLabLoginTest@48075da3]" started-at="2024-12-18T14:37:45 IST" name="login" finished-at="2024-12-18T14:37:46 IST" duration-ms="858" status="PASS">
          <reporter-output>
          </reporter-output>
        </test-method> <!-- login -->
        <test-method signature="homepage()[pri:0, instance:module1_Login.SwagLabLoginTest@48075da3]" started-at="2024-12-18T14:37:46 IST" name="homepage" finished-at="2024-12-18T14:37:49 IST" duration-ms="3720" status="PASS">
          <reporter-output>
          </reporter-output>
        </test-method> <!-- homepage -->
        <test-method is-config="true" signature="logout(org.testng.ITestResult)[pri:0, instance:module1_Login.SwagLabLoginTest@48075da3]" started-at="2024-12-18T14:37:49 IST" name="logout" finished-at="2024-12-18T14:37:56 IST" duration-ms="6869" status="PASS">
          <params>
            <param index="0">
              <value>
                <![CDATA[[TestResult name=homepage status=SUCCESS method=SwagLabLoginTest.homepage()[pri:0, instance:module1_Login.SwagLabLoginTest@48075da3] output={null}]]]>
              </value>
            </param>
          </params>
          <reporter-output>
          </reporter-output>
        </test-method> <!-- logout -->
        <test-method is-config="true" signature="closeBrowser()[pri:0, instance:module1_Login.SwagLabLoginTest@48075da3]" started-at="2024-12-18T14:37:56 IST" name="closeBrowser" finished-at="2024-12-18T14:37:57 IST" duration-ms="540" status="PASS">
          <reporter-output>
          </reporter-output>
        </test-method> <!-- closeBrowser -->
      </class> <!-- module1_Login.SwagLabLoginTest -->
    </test> <!-- Test -->
  </suite> <!-- Suite -->
  <suite started-at="2024-12-18T14:37:57 IST" name="Suite (0)" finished-at="2024-12-18T14:38:09 IST" duration-ms="11649">
    <groups>
    </groups>
    <test started-at="2024-12-18T14:37:57 IST" name="Test" finished-at="2024-12-18T14:38:09 IST" duration-ms="11649">
      <class name="module2_cart.SauceLab_AddToCart_Test">
        <test-method is-config="true" signature="openBrrowser(java.lang.String)[pri:0, instance:module2_cart.SauceLab_AddToCart_Test@73eb439a]" started-at="2024-12-18T14:37:57 IST" name="openBrrowser" finished-at="2024-12-18T14:38:00 IST" duration-ms="3297" status="PASS">
          <params>
            <param index="0">
              <value>
                <![CDATA[chrome]]>
              </value>
            </param>
          </params>
          <reporter-output>
          </reporter-output>
        </test-method> <!-- openBrrowser -->
        <test-method is-config="true" signature="login()[pri:0, instance:module2_cart.SauceLab_AddToCart_Test@73eb439a]" started-at="2024-12-18T14:38:00 IST" name="login" finished-at="2024-12-18T14:38:01 IST" duration-ms="766" status="PASS">
          <reporter-output>
          </reporter-output>
        </test-method> <!-- login -->
        <test-method signature="addToCart()[pri:0, instance:module2_cart.SauceLab_AddToCart_Test@73eb439a]" started-at="2024-12-18T14:38:01 IST" name="addToCart" finished-at="2024-12-18T14:38:06 IST" duration-ms="4576" status="PASS">
          <reporter-output>
          </reporter-output>
        </test-method> <!-- addToCart -->
        <test-method is-config="true" signature="logout()[pri:0, instance:module2_cart.SauceLab_AddToCart_Test@73eb439a]" started-at="2024-12-18T14:38:06 IST" name="logout" finished-at="2024-12-18T14:38:06 IST" duration-ms="0" status="PASS">
          <reporter-output>
          </reporter-output>
        </test-method> <!-- logout -->
        <test-method is-config="true" signature="browserClose()[pri:0, instance:module2_cart.SauceLab_AddToCart_Test@73eb439a]" started-at="2024-12-18T14:38:06 IST" name="browserClose" finished-at="2024-12-18T14:38:09 IST" duration-ms="3004" status="PASS">
          <reporter-output>
          </reporter-output>
        </test-method> <!-- browserClose -->
      </class> <!-- module2_cart.SauceLab_AddToCart_Test -->
    </test> <!-- Test -->
  </suite> <!-- Suite (0) -->
</testng-results>
